The system is: Linux - 2.6.32-504.el6.x86_64 - x86_64
Compiling the C compiler identification source file "CMakeCCompilerId.c" succeeded.
Compiler: /data/gcc7/bin/gcc 
Build flags: 
Id flags: 

The output was:
0


Compilation of the C compiler identification source "CMakeCCompilerId.c" produced "a.out"

The C compiler identification is GNU, found in "/tmp/tmp.bToz1EQzOz/cmake-build-debug/CMakeFiles/3.6.2/CompilerIdC/a.out"

Compiling the CXX compiler identification source file "CMakeCXXCompilerId.cpp" succeeded.
Compiler: /data/gcc7/bin/g++ 
Build flags: 
Id flags: 

The output was:
0


Compilation of the CXX compiler identification source "CMakeCXXCompilerId.cpp" produced "a.out"

The CXX compiler identification is GNU, found in "/tmp/tmp.bToz1EQzOz/cmake-build-debug/CMakeFiles/3.6.2/CompilerIdCXX/a.out"

Determining if the C compiler works passed with the following output:
Change Dir: /tmp/tmp.bToz1EQzOz/cmake-build-debug/CMakeFiles/CMakeTmp

Run Build Command:"/usr/bin/gmake" "cmTC_ebe08/fast"
/usr/bin/gmake -f CMakeFiles/cmTC_ebe08.dir/build.make CMakeFiles/cmTC_ebe08.dir/build
gmake[1]: Entering directory `/tmp/tmp.bToz1EQzOz/cmake-build-debug/CMakeFiles/CMakeTmp'
Building C object CMakeFiles/cmTC_ebe08.dir/testCCompiler.c.o
/data/gcc7/bin/gcc     -o CMakeFiles/cmTC_ebe08.dir/testCCompiler.c.o   -c /tmp/tmp.bToz1EQzOz/cmake-build-debug/CMakeFiles/CMakeTmp/testCCompiler.c
Linking C executable cmTC_ebe08
/data/cmake3/bin/cmake -E cmake_link_script CMakeFiles/cmTC_ebe08.dir/link.txt --verbose=1
/data/gcc7/bin/gcc       CMakeFiles/cmTC_ebe08.dir/testCCompiler.c.o  -o cmTC_ebe08 -rdynamic 
gmake[1]: Leaving directory `/tmp/tmp.bToz1EQzOz/cmake-build-debug/CMakeFiles/CMakeTmp'


Detecting C compiler ABI info compiled with the following output:
Change Dir: /tmp/tmp.bToz1EQzOz/cmake-build-debug/CMakeFiles/CMakeTmp

Run Build Command:"/usr/bin/gmake" "cmTC_a53ec/fast"
/usr/bin/gmake -f CMakeFiles/cmTC_a53ec.dir/build.make CMakeFiles/cmTC_a53ec.dir/build
gmake[1]: Entering directory `/tmp/tmp.bToz1EQzOz/cmake-build-debug/CMakeFiles/CMakeTmp'
Building C object CMakeFiles/cmTC_a53ec.dir/CMakeCCompilerABI.c.o
/data/gcc7/bin/gcc     -o CMakeFiles/cmTC_a53ec.dir/CMakeCCompilerABI.c.o   -c /data/cmake3/share/cmake-3.6/Modules/CMakeCCompilerABI.c
Linking C executable cmTC_a53ec
/data/cmake3/bin/cmake -E cmake_link_script CMakeFiles/cmTC_a53ec.dir/link.txt --verbose=1
/data/gcc7/bin/gcc      -v CMakeFiles/cmTC_a53ec.dir/CMakeCCompilerABI.c.o  -o cmTC_a53ec -rdynamic  
Using built-in specs.
COLLECT_GCC=/data/gcc7/bin/gcc
COLLECT_LTO_WRAPPER=/data/gcc7/bin/../libexec/gcc/x86_64-pc-linux-gnu/7.5.0/lto-wrapper
Target: x86_64-pc-linux-gnu
Configured with: ./configure --prefix=/data/lixun/gcc-7 --disable-multilib
Thread model: posix
gcc version 7.5.0 (GCC) 
COMPILER_PATH=/data/gcc7/bin/../libexec/gcc/x86_64-pc-linux-gnu/7.5.0/:/data/gcc7/bin/../libexec/gcc/
LIBRARY_PATH=/data/gcc7/bin/../lib/gcc/x86_64-pc-linux-gnu/7.5.0/:/data/gcc7/bin/../lib/gcc/:/data/gcc7/bin/../lib/gcc/x86_64-pc-linux-gnu/7.5.0/../../../../lib64/:/lib/../lib64/:/usr/lib/../lib64/:/data/gcc7/bin/../lib/gcc/x86_64-pc-linux-gnu/7.5.0/../../../:/lib/:/usr/lib/
COLLECT_GCC_OPTIONS='-v' '-o' 'cmTC_a53ec' '-rdynamic' '-mtune=generic' '-march=x86-64'
 /data/gcc7/bin/../libexec/gcc/x86_64-pc-linux-gnu/7.5.0/collect2 --eh-frame-hdr -m elf_x86_64 -export-dynamic -dynamic-linker /lib64/ld-linux-x86-64.so.2 -o cmTC_a53ec /usr/lib/../lib64/crt1.o /usr/lib/../lib64/crti.o /data/gcc7/bin/../lib/gcc/x86_64-pc-linux-gnu/7.5.0/crtbegin.o -L/data/gcc7/bin/../lib/gcc/x86_64-pc-linux-gnu/7.5.0 -L/data/gcc7/bin/../lib/gcc -L/data/gcc7/bin/../lib/gcc/x86_64-pc-linux-gnu/7.5.0/../../../../lib64 -L/lib/../lib64 -L/usr/lib/../lib64 -L/data/gcc7/bin/../lib/gcc/x86_64-pc-linux-gnu/7.5.0/../../.. CMakeFiles/cmTC_a53ec.dir/CMakeCCompilerABI.c.o -lgcc --as-needed -lgcc_s --no-as-needed -lc -lgcc --as-needed -lgcc_s --no-as-needed /data/gcc7/bin/../lib/gcc/x86_64-pc-linux-gnu/7.5.0/crtend.o /usr/lib/../lib64/crtn.o
COLLECT_GCC_OPTIONS='-v' '-o' 'cmTC_a53ec' '-rdynamic' '-mtune=generic' '-march=x86-64'
gmake[1]: Leaving directory `/tmp/tmp.bToz1EQzOz/cmake-build-debug/CMakeFiles/CMakeTmp'


Parsed C implicit link information from above output:
  link line regex: [^( *|.*[/\])(ld|([^/\]+-)?ld|collect2)[^/\]*( |$)]
  ignore line: [Change Dir: /tmp/tmp.bToz1EQzOz/cmake-build-debug/CMakeFiles/CMakeTmp]
  ignore line: []
  ignore line: [Run Build Command:"/usr/bin/gmake" "cmTC_a53ec/fast"]
  ignore line: [/usr/bin/gmake -f CMakeFiles/cmTC_a53ec.dir/build.make CMakeFiles/cmTC_a53ec.dir/build]
  ignore line: [gmake[1]: Entering directory `/tmp/tmp.bToz1EQzOz/cmake-build-debug/CMakeFiles/CMakeTmp']
  ignore line: [Building C object CMakeFiles/cmTC_a53ec.dir/CMakeCCompilerABI.c.o]
  ignore line: [/data/gcc7/bin/gcc     -o CMakeFiles/cmTC_a53ec.dir/CMakeCCompilerABI.c.o   -c /data/cmake3/share/cmake-3.6/Modules/CMakeCCompilerABI.c]
  ignore line: [Linking C executable cmTC_a53ec]
  ignore line: [/data/cmake3/bin/cmake -E cmake_link_script CMakeFiles/cmTC_a53ec.dir/link.txt --verbose=1]
  ignore line: [/data/gcc7/bin/gcc      -v CMakeFiles/cmTC_a53ec.dir/CMakeCCompilerABI.c.o  -o cmTC_a53ec -rdynamic  ]
  ignore line: [Using built-in specs.]
  ignore line: [COLLECT_GCC=/data/gcc7/bin/gcc]
  ignore line: [COLLECT_LTO_WRAPPER=/data/gcc7/bin/../libexec/gcc/x86_64-pc-linux-gnu/7.5.0/lto-wrapper]
  ignore line: [Target: x86_64-pc-linux-gnu]
  ignore line: [Configured with: ./configure --prefix=/data/lixun/gcc-7 --disable-multilib]
  ignore line: [Thread model: posix]
  ignore line: [gcc version 7.5.0 (GCC) ]
  ignore line: [COMPILER_PATH=/data/gcc7/bin/../libexec/gcc/x86_64-pc-linux-gnu/7.5.0/:/data/gcc7/bin/../libexec/gcc/]
  ignore line: [LIBRARY_PATH=/data/gcc7/bin/../lib/gcc/x86_64-pc-linux-gnu/7.5.0/:/data/gcc7/bin/../lib/gcc/:/data/gcc7/bin/../lib/gcc/x86_64-pc-linux-gnu/7.5.0/../../../../lib64/:/lib/../lib64/:/usr/lib/../lib64/:/data/gcc7/bin/../lib/gcc/x86_64-pc-linux-gnu/7.5.0/../../../:/lib/:/usr/lib/]
  ignore line: [COLLECT_GCC_OPTIONS='-v' '-o' 'cmTC_a53ec' '-rdynamic' '-mtune=generic' '-march=x86-64']
  link line: [ /data/gcc7/bin/../libexec/gcc/x86_64-pc-linux-gnu/7.5.0/collect2 --eh-frame-hdr -m elf_x86_64 -export-dynamic -dynamic-linker /lib64/ld-linux-x86-64.so.2 -o cmTC_a53ec /usr/lib/../lib64/crt1.o /usr/lib/../lib64/crti.o /data/gcc7/bin/../lib/gcc/x86_64-pc-linux-gnu/7.5.0/crtbegin.o -L/data/gcc7/bin/../lib/gcc/x86_64-pc-linux-gnu/7.5.0 -L/data/gcc7/bin/../lib/gcc -L/data/gcc7/bin/../lib/gcc/x86_64-pc-linux-gnu/7.5.0/../../../../lib64 -L/lib/../lib64 -L/usr/lib/../lib64 -L/data/gcc7/bin/../lib/gcc/x86_64-pc-linux-gnu/7.5.0/../../.. CMakeFiles/cmTC_a53ec.dir/CMakeCCompilerABI.c.o -lgcc --as-needed -lgcc_s --no-as-needed -lc -lgcc --as-needed -lgcc_s --no-as-needed /data/gcc7/bin/../lib/gcc/x86_64-pc-linux-gnu/7.5.0/crtend.o /usr/lib/../lib64/crtn.o]
    arg [/data/gcc7/bin/../libexec/gcc/x86_64-pc-linux-gnu/7.5.0/collect2] ==> ignore
    arg [--eh-frame-hdr] ==> ignore
    arg [-m] ==> ignore
    arg [elf_x86_64] ==> ignore
    arg [-export-dynamic] ==> ignore
    arg [-dynamic-linker] ==> ignore
    arg [/lib64/ld-linux-x86-64.so.2] ==> ignore
    arg [-o] ==> ignore
    arg [cmTC_a53ec] ==> ignore
    arg [/usr/lib/../lib64/crt1.o] ==> ignore
    arg [/usr/lib/../lib64/crti.o] ==> ignore
    arg [/data/gcc7/bin/../lib/gcc/x86_64-pc-linux-gnu/7.5.0/crtbegin.o] ==> ignore
    arg [-L/data/gcc7/bin/../lib/gcc/x86_64-pc-linux-gnu/7.5.0] ==> dir [/data/gcc7/bin/../lib/gcc/x86_64-pc-linux-gnu/7.5.0]
    arg [-L/data/gcc7/bin/../lib/gcc] ==> dir [/data/gcc7/bin/../lib/gcc]
    arg [-L/data/gcc7/bin/../lib/gcc/x86_64-pc-linux-gnu/7.5.0/../../../../lib64] ==> dir [/data/gcc7/bin/../lib/gcc/x86_64-pc-linux-gnu/7.5.0/../../../../lib64]
    arg [-L/lib/../lib64] ==> dir [/lib/../lib64]
    arg [-L/usr/lib/../lib64] ==> dir [/usr/lib/../lib64]
    arg [-L/data/gcc7/bin/../lib/gcc/x86_64-pc-linux-gnu/7.5.0/../../..] ==> dir [/data/gcc7/bin/../lib/gcc/x86_64-pc-linux-gnu/7.5.0/../../..]
    arg [CMakeFiles/cmTC_a53ec.dir/CMakeCCompilerABI.c.o] ==> ignore
    arg [-lgcc] ==> lib [gcc]
    arg [--as-needed] ==> ignore
    arg [-lgcc_s] ==> lib [gcc_s]
    arg [--no-as-needed] ==> ignore
    arg [-lc] ==> lib [c]
    arg [-lgcc] ==> lib [gcc]
    arg [--as-needed] ==> ignore
    arg [-lgcc_s] ==> lib [gcc_s]
    arg [--no-as-needed] ==> ignore
    arg [/data/gcc7/bin/../lib/gcc/x86_64-pc-linux-gnu/7.5.0/crtend.o] ==> ignore
    arg [/usr/lib/../lib64/crtn.o] ==> ignore
  remove lib [gcc]
  remove lib [gcc_s]
  remove lib [gcc]
  remove lib [gcc_s]
  collapse library dir [/data/gcc7/bin/../lib/gcc/x86_64-pc-linux-gnu/7.5.0] ==> [/data/gcc7/lib/gcc/x86_64-pc-linux-gnu/7.5.0]
  collapse library dir [/data/gcc7/bin/../lib/gcc] ==> [/data/gcc7/lib/gcc]
  collapse library dir [/data/gcc7/bin/../lib/gcc/x86_64-pc-linux-gnu/7.5.0/../../../../lib64] ==> [/data/gcc7/lib64]
  collapse library dir [/lib/../lib64] ==> [/lib64]
  collapse library dir [/usr/lib/../lib64] ==> [/usr/lib64]
  collapse library dir [/data/gcc7/bin/../lib/gcc/x86_64-pc-linux-gnu/7.5.0/../../..] ==> [/data/gcc7/lib]
  implicit libs: [c]
  implicit dirs: [/data/gcc7/lib/gcc/x86_64-pc-linux-gnu/7.5.0;/data/gcc7/lib/gcc;/data/gcc7/lib64;/lib64;/usr/lib64;/data/gcc7/lib]
  implicit fwks: []




Detecting C [-std=c11] compiler features compiled with the following output:
Change Dir: /tmp/tmp.bToz1EQzOz/cmake-build-debug/CMakeFiles/CMakeTmp

Run Build Command:"/usr/bin/gmake" "cmTC_676bd/fast"
/usr/bin/gmake -f CMakeFiles/cmTC_676bd.dir/build.make CMakeFiles/cmTC_676bd.dir/build
gmake[1]: Entering directory `/tmp/tmp.bToz1EQzOz/cmake-build-debug/CMakeFiles/CMakeTmp'
Building C object CMakeFiles/cmTC_676bd.dir/feature_tests.c.o
/data/gcc7/bin/gcc    -std=c11 -o CMakeFiles/cmTC_676bd.dir/feature_tests.c.o   -c /tmp/tmp.bToz1EQzOz/cmake-build-debug/CMakeFiles/feature_tests.c
Linking C executable cmTC_676bd
/data/cmake3/bin/cmake -E cmake_link_script CMakeFiles/cmTC_676bd.dir/link.txt --verbose=1
/data/gcc7/bin/gcc       CMakeFiles/cmTC_676bd.dir/feature_tests.c.o  -o cmTC_676bd -rdynamic 
gmake[1]: Leaving directory `/tmp/tmp.bToz1EQzOz/cmake-build-debug/CMakeFiles/CMakeTmp'


    Feature record: C_FEATURE:1c_function_prototypes
    Feature record: C_FEATURE:1c_restrict
    Feature record: C_FEATURE:1c_static_assert
    Feature record: C_FEATURE:1c_variadic_macros


Detecting C [-std=c99] compiler features compiled with the following output:
Change Dir: /tmp/tmp.bToz1EQzOz/cmake-build-debug/CMakeFiles/CMakeTmp

Run Build Command:"/usr/bin/gmake" "cmTC_117e4/fast"
/usr/bin/gmake -f CMakeFiles/cmTC_117e4.dir/build.make CMakeFiles/cmTC_117e4.dir/build
gmake[1]: Entering directory `/tmp/tmp.bToz1EQzOz/cmake-build-debug/CMakeFiles/CMakeTmp'
Building C object CMakeFiles/cmTC_117e4.dir/feature_tests.c.o
/data/gcc7/bin/gcc    -std=c99 -o CMakeFiles/cmTC_117e4.dir/feature_tests.c.o   -c /tmp/tmp.bToz1EQzOz/cmake-build-debug/CMakeFiles/feature_tests.c
Linking C executable cmTC_117e4
/data/cmake3/bin/cmake -E cmake_link_script CMakeFiles/cmTC_117e4.dir/link.txt --verbose=1
/data/gcc7/bin/gcc       CMakeFiles/cmTC_117e4.dir/feature_tests.c.o  -o cmTC_117e4 -rdynamic 
gmake[1]: Leaving directory `/tmp/tmp.bToz1EQzOz/cmake-build-debug/CMakeFiles/CMakeTmp'


    Feature record: C_FEATURE:1c_function_prototypes
    Feature record: C_FEATURE:1c_restrict
    Feature record: C_FEATURE:0c_static_assert
    Feature record: C_FEATURE:1c_variadic_macros


Detecting C [-std=c90] compiler features compiled with the following output:
Change Dir: /tmp/tmp.bToz1EQzOz/cmake-build-debug/CMakeFiles/CMakeTmp

Run Build Command:"/usr/bin/gmake" "cmTC_e223c/fast"
/usr/bin/gmake -f CMakeFiles/cmTC_e223c.dir/build.make CMakeFiles/cmTC_e223c.dir/build
gmake[1]: Entering directory `/tmp/tmp.bToz1EQzOz/cmake-build-debug/CMakeFiles/CMakeTmp'
Building C object CMakeFiles/cmTC_e223c.dir/feature_tests.c.o
/data/gcc7/bin/gcc    -std=c90 -o CMakeFiles/cmTC_e223c.dir/feature_tests.c.o   -c /tmp/tmp.bToz1EQzOz/cmake-build-debug/CMakeFiles/feature_tests.c
Linking C executable cmTC_e223c
/data/cmake3/bin/cmake -E cmake_link_script CMakeFiles/cmTC_e223c.dir/link.txt --verbose=1
/data/gcc7/bin/gcc       CMakeFiles/cmTC_e223c.dir/feature_tests.c.o  -o cmTC_e223c -rdynamic 
gmake[1]: Leaving directory `/tmp/tmp.bToz1EQzOz/cmake-build-debug/CMakeFiles/CMakeTmp'


    Feature record: C_FEATURE:1c_function_prototypes
    Feature record: C_FEATURE:0c_restrict
    Feature record: C_FEATURE:0c_static_assert
    Feature record: C_FEATURE:0c_variadic_macros
Determining if the CXX compiler works passed with the following output:
Change Dir: /tmp/tmp.bToz1EQzOz/cmake-build-debug/CMakeFiles/CMakeTmp

Run Build Command:"/usr/bin/gmake" "cmTC_dd549/fast"
/usr/bin/gmake -f CMakeFiles/cmTC_dd549.dir/build.make CMakeFiles/cmTC_dd549.dir/build
gmake[1]: Entering directory `/tmp/tmp.bToz1EQzOz/cmake-build-debug/CMakeFiles/CMakeTmp'
Building CXX object CMakeFiles/cmTC_dd549.dir/testCXXCompiler.cxx.o
/data/gcc7/bin/g++      -o CMakeFiles/cmTC_dd549.dir/testCXXCompiler.cxx.o -c /tmp/tmp.bToz1EQzOz/cmake-build-debug/CMakeFiles/CMakeTmp/testCXXCompiler.cxx
Linking CXX executable cmTC_dd549
/data/cmake3/bin/cmake -E cmake_link_script CMakeFiles/cmTC_dd549.dir/link.txt --verbose=1
/data/gcc7/bin/g++        CMakeFiles/cmTC_dd549.dir/testCXXCompiler.cxx.o  -o cmTC_dd549 -rdynamic 
gmake[1]: Leaving directory `/tmp/tmp.bToz1EQzOz/cmake-build-debug/CMakeFiles/CMakeTmp'


Detecting CXX compiler ABI info compiled with the following output:
Change Dir: /tmp/tmp.bToz1EQzOz/cmake-build-debug/CMakeFiles/CMakeTmp

Run Build Command:"/usr/bin/gmake" "cmTC_0157a/fast"
/usr/bin/gmake -f CMakeFiles/cmTC_0157a.dir/build.make CMakeFiles/cmTC_0157a.dir/build
gmake[1]: Entering directory `/tmp/tmp.bToz1EQzOz/cmake-build-debug/CMakeFiles/CMakeTmp'
Building CXX object CMakeFiles/cmTC_0157a.dir/CMakeCXXCompilerABI.cpp.o
/data/gcc7/bin/g++      -o CMakeFiles/cmTC_0157a.dir/CMakeCXXCompilerABI.cpp.o -c /data/cmake3/share/cmake-3.6/Modules/CMakeCXXCompilerABI.cpp
Linking CXX executable cmTC_0157a
/data/cmake3/bin/cmake -E cmake_link_script CMakeFiles/cmTC_0157a.dir/link.txt --verbose=1
/data/gcc7/bin/g++       -v CMakeFiles/cmTC_0157a.dir/CMakeCXXCompilerABI.cpp.o  -o cmTC_0157a -rdynamic  
Using built-in specs.
COLLECT_GCC=/data/gcc7/bin/g++
COLLECT_LTO_WRAPPER=/data/gcc7/bin/../libexec/gcc/x86_64-pc-linux-gnu/7.5.0/lto-wrapper
Target: x86_64-pc-linux-gnu
Configured with: ./configure --prefix=/data/lixun/gcc-7 --disable-multilib
Thread model: posix
gcc version 7.5.0 (GCC) 
COMPILER_PATH=/data/gcc7/bin/../libexec/gcc/x86_64-pc-linux-gnu/7.5.0/:/data/gcc7/bin/../libexec/gcc/
LIBRARY_PATH=/data/gcc7/bin/../lib/gcc/x86_64-pc-linux-gnu/7.5.0/:/data/gcc7/bin/../lib/gcc/:/data/gcc7/bin/../lib/gcc/x86_64-pc-linux-gnu/7.5.0/../../../../lib64/:/lib/../lib64/:/usr/lib/../lib64/:/data/gcc7/bin/../lib/gcc/x86_64-pc-linux-gnu/7.5.0/../../../:/lib/:/usr/lib/
COLLECT_GCC_OPTIONS='-v' '-o' 'cmTC_0157a' '-rdynamic' '-shared-libgcc' '-mtune=generic' '-march=x86-64'
 /data/gcc7/bin/../libexec/gcc/x86_64-pc-linux-gnu/7.5.0/collect2 --eh-frame-hdr -m elf_x86_64 -export-dynamic -dynamic-linker /lib64/ld-linux-x86-64.so.2 -o cmTC_0157a /usr/lib/../lib64/crt1.o /usr/lib/../lib64/crti.o /data/gcc7/bin/../lib/gcc/x86_64-pc-linux-gnu/7.5.0/crtbegin.o -L/data/gcc7/bin/../lib/gcc/x86_64-pc-linux-gnu/7.5.0 -L/data/gcc7/bin/../lib/gcc -L/data/gcc7/bin/../lib/gcc/x86_64-pc-linux-gnu/7.5.0/../../../../lib64 -L/lib/../lib64 -L/usr/lib/../lib64 -L/data/gcc7/bin/../lib/gcc/x86_64-pc-linux-gnu/7.5.0/../../.. CMakeFiles/cmTC_0157a.dir/CMakeCXXCompilerABI.cpp.o -lstdc++ -lm -lgcc_s -lgcc -lc -lgcc_s -lgcc /data/gcc7/bin/../lib/gcc/x86_64-pc-linux-gnu/7.5.0/crtend.o /usr/lib/../lib64/crtn.o
COLLECT_GCC_OPTIONS='-v' '-o' 'cmTC_0157a' '-rdynamic' '-shared-libgcc' '-mtune=generic' '-march=x86-64'
gmake[1]: Leaving directory `/tmp/tmp.bToz1EQzOz/cmake-build-debug/CMakeFiles/CMakeTmp'


Parsed CXX implicit link information from above output:
  link line regex: [^( *|.*[/\])(ld|([^/\]+-)?ld|collect2)[^/\]*( |$)]
  ignore line: [Change Dir: /tmp/tmp.bToz1EQzOz/cmake-build-debug/CMakeFiles/CMakeTmp]
  ignore line: []
  ignore line: [Run Build Command:"/usr/bin/gmake" "cmTC_0157a/fast"]
  ignore line: [/usr/bin/gmake -f CMakeFiles/cmTC_0157a.dir/build.make CMakeFiles/cmTC_0157a.dir/build]
  ignore line: [gmake[1]: Entering directory `/tmp/tmp.bToz1EQzOz/cmake-build-debug/CMakeFiles/CMakeTmp']
  ignore line: [Building CXX object CMakeFiles/cmTC_0157a.dir/CMakeCXXCompilerABI.cpp.o]
  ignore line: [/data/gcc7/bin/g++      -o CMakeFiles/cmTC_0157a.dir/CMakeCXXCompilerABI.cpp.o -c /data/cmake3/share/cmake-3.6/Modules/CMakeCXXCompilerABI.cpp]
  ignore line: [Linking CXX executable cmTC_0157a]
  ignore line: [/data/cmake3/bin/cmake -E cmake_link_script CMakeFiles/cmTC_0157a.dir/link.txt --verbose=1]
  ignore line: [/data/gcc7/bin/g++       -v CMakeFiles/cmTC_0157a.dir/CMakeCXXCompilerABI.cpp.o  -o cmTC_0157a -rdynamic  ]
  ignore line: [Using built-in specs.]
  ignore line: [COLLECT_GCC=/data/gcc7/bin/g++]
  ignore line: [COLLECT_LTO_WRAPPER=/data/gcc7/bin/../libexec/gcc/x86_64-pc-linux-gnu/7.5.0/lto-wrapper]
  ignore line: [Target: x86_64-pc-linux-gnu]
  ignore line: [Configured with: ./configure --prefix=/data/lixun/gcc-7 --disable-multilib]
  ignore line: [Thread model: posix]
  ignore line: [gcc version 7.5.0 (GCC) ]
  ignore line: [COMPILER_PATH=/data/gcc7/bin/../libexec/gcc/x86_64-pc-linux-gnu/7.5.0/:/data/gcc7/bin/../libexec/gcc/]
  ignore line: [LIBRARY_PATH=/data/gcc7/bin/../lib/gcc/x86_64-pc-linux-gnu/7.5.0/:/data/gcc7/bin/../lib/gcc/:/data/gcc7/bin/../lib/gcc/x86_64-pc-linux-gnu/7.5.0/../../../../lib64/:/lib/../lib64/:/usr/lib/../lib64/:/data/gcc7/bin/../lib/gcc/x86_64-pc-linux-gnu/7.5.0/../../../:/lib/:/usr/lib/]
  ignore line: [COLLECT_GCC_OPTIONS='-v' '-o' 'cmTC_0157a' '-rdynamic' '-shared-libgcc' '-mtune=generic' '-march=x86-64']
  link line: [ /data/gcc7/bin/../libexec/gcc/x86_64-pc-linux-gnu/7.5.0/collect2 --eh-frame-hdr -m elf_x86_64 -export-dynamic -dynamic-linker /lib64/ld-linux-x86-64.so.2 -o cmTC_0157a /usr/lib/../lib64/crt1.o /usr/lib/../lib64/crti.o /data/gcc7/bin/../lib/gcc/x86_64-pc-linux-gnu/7.5.0/crtbegin.o -L/data/gcc7/bin/../lib/gcc/x86_64-pc-linux-gnu/7.5.0 -L/data/gcc7/bin/../lib/gcc -L/data/gcc7/bin/../lib/gcc/x86_64-pc-linux-gnu/7.5.0/../../../../lib64 -L/lib/../lib64 -L/usr/lib/../lib64 -L/data/gcc7/bin/../lib/gcc/x86_64-pc-linux-gnu/7.5.0/../../.. CMakeFiles/cmTC_0157a.dir/CMakeCXXCompilerABI.cpp.o -lstdc++ -lm -lgcc_s -lgcc -lc -lgcc_s -lgcc /data/gcc7/bin/../lib/gcc/x86_64-pc-linux-gnu/7.5.0/crtend.o /usr/lib/../lib64/crtn.o]
    arg [/data/gcc7/bin/../libexec/gcc/x86_64-pc-linux-gnu/7.5.0/collect2] ==> ignore
    arg [--eh-frame-hdr] ==> ignore
    arg [-m] ==> ignore
    arg [elf_x86_64] ==> ignore
    arg [-export-dynamic] ==> ignore
    arg [-dynamic-linker] ==> ignore
    arg [/lib64/ld-linux-x86-64.so.2] ==> ignore
    arg [-o] ==> ignore
    arg [cmTC_0157a] ==> ignore
    arg [/usr/lib/../lib64/crt1.o] ==> ignore
    arg [/usr/lib/../lib64/crti.o] ==> ignore
    arg [/data/gcc7/bin/../lib/gcc/x86_64-pc-linux-gnu/7.5.0/crtbegin.o] ==> ignore
    arg [-L/data/gcc7/bin/../lib/gcc/x86_64-pc-linux-gnu/7.5.0] ==> dir [/data/gcc7/bin/../lib/gcc/x86_64-pc-linux-gnu/7.5.0]
    arg [-L/data/gcc7/bin/../lib/gcc] ==> dir [/data/gcc7/bin/../lib/gcc]
    arg [-L/data/gcc7/bin/../lib/gcc/x86_64-pc-linux-gnu/7.5.0/../../../../lib64] ==> dir [/data/gcc7/bin/../lib/gcc/x86_64-pc-linux-gnu/7.5.0/../../../../lib64]
    arg [-L/lib/../lib64] ==> dir [/lib/../lib64]
    arg [-L/usr/lib/../lib64] ==> dir [/usr/lib/../lib64]
    arg [-L/data/gcc7/bin/../lib/gcc/x86_64-pc-linux-gnu/7.5.0/../../..] ==> dir [/data/gcc7/bin/../lib/gcc/x86_64-pc-linux-gnu/7.5.0/../../..]
    arg [CMakeFiles/cmTC_0157a.dir/CMakeCXXCompilerABI.cpp.o] ==> ignore
    arg [-lstdc++] ==> lib [stdc++]
    arg [-lm] ==> lib [m]
    arg [-lgcc_s] ==> lib [gcc_s]
    arg [-lgcc] ==> lib [gcc]
    arg [-lc] ==> lib [c]
    arg [-lgcc_s] ==> lib [gcc_s]
    arg [-lgcc] ==> lib [gcc]
    arg [/data/gcc7/bin/../lib/gcc/x86_64-pc-linux-gnu/7.5.0/crtend.o] ==> ignore
    arg [/usr/lib/../lib64/crtn.o] ==> ignore
  remove lib [gcc_s]
  remove lib [gcc]
  remove lib [gcc_s]
  remove lib [gcc]
  collapse library dir [/data/gcc7/bin/../lib/gcc/x86_64-pc-linux-gnu/7.5.0] ==> [/data/gcc7/lib/gcc/x86_64-pc-linux-gnu/7.5.0]
  collapse library dir [/data/gcc7/bin/../lib/gcc] ==> [/data/gcc7/lib/gcc]
  collapse library dir [/data/gcc7/bin/../lib/gcc/x86_64-pc-linux-gnu/7.5.0/../../../../lib64] ==> [/data/gcc7/lib64]
  collapse library dir [/lib/../lib64] ==> [/lib64]
  collapse library dir [/usr/lib/../lib64] ==> [/usr/lib64]
  collapse library dir [/data/gcc7/bin/../lib/gcc/x86_64-pc-linux-gnu/7.5.0/../../..] ==> [/data/gcc7/lib]
  implicit libs: [stdc++;m;c]
  implicit dirs: [/data/gcc7/lib/gcc/x86_64-pc-linux-gnu/7.5.0;/data/gcc7/lib/gcc;/data/gcc7/lib64;/lib64;/usr/lib64;/data/gcc7/lib]
  implicit fwks: []




Detecting CXX [-std=c++14] compiler features compiled with the following output:
Change Dir: /tmp/tmp.bToz1EQzOz/cmake-build-debug/CMakeFiles/CMakeTmp

Run Build Command:"/usr/bin/gmake" "cmTC_07cdd/fast"
/usr/bin/gmake -f CMakeFiles/cmTC_07cdd.dir/build.make CMakeFiles/cmTC_07cdd.dir/build
gmake[1]: Entering directory `/tmp/tmp.bToz1EQzOz/cmake-build-debug/CMakeFiles/CMakeTmp'
Building CXX object CMakeFiles/cmTC_07cdd.dir/feature_tests.cxx.o
/data/gcc7/bin/g++     -std=c++14 -o CMakeFiles/cmTC_07cdd.dir/feature_tests.cxx.o -c /tmp/tmp.bToz1EQzOz/cmake-build-debug/CMakeFiles/feature_tests.cxx
Linking CXX executable cmTC_07cdd
/data/cmake3/bin/cmake -E cmake_link_script CMakeFiles/cmTC_07cdd.dir/link.txt --verbose=1
/data/gcc7/bin/g++        CMakeFiles/cmTC_07cdd.dir/feature_tests.cxx.o  -o cmTC_07cdd -rdynamic 
gmake[1]: Leaving directory `/tmp/tmp.bToz1EQzOz/cmake-build-debug/CMakeFiles/CMakeTmp'


    Feature record: CXX_FEATURE:1cxx_aggregate_default_initializers
    Feature record: CXX_FEATURE:1cxx_alias_templates
    Feature record: CXX_FEATURE:1cxx_alignas
    Feature record: CXX_FEATURE:1cxx_alignof
    Feature record: CXX_FEATURE:1cxx_attributes
    Feature record: CXX_FEATURE:1cxx_attribute_deprecated
    Feature record: CXX_FEATURE:1cxx_auto_type
    Feature record: CXX_FEATURE:1cxx_binary_literals
    Feature record: CXX_FEATURE:1cxx_constexpr
    Feature record: CXX_FEATURE:1cxx_contextual_conversions
    Feature record: CXX_FEATURE:1cxx_decltype
    Feature record: CXX_FEATURE:1cxx_decltype_auto
    Feature record: CXX_FEATURE:1cxx_decltype_incomplete_return_types
    Feature record: CXX_FEATURE:1cxx_default_function_template_args
    Feature record: CXX_FEATURE:1cxx_defaulted_functions
    Feature record: CXX_FEATURE:1cxx_defaulted_move_initializers
    Feature record: CXX_FEATURE:1cxx_delegating_constructors
    Feature record: CXX_FEATURE:1cxx_deleted_functions
    Feature record: CXX_FEATURE:1cxx_digit_separators
    Feature record: CXX_FEATURE:1cxx_enum_forward_declarations
    Feature record: CXX_FEATURE:1cxx_explicit_conversions
    Feature record: CXX_FEATURE:1cxx_extended_friend_declarations
    Feature record: CXX_FEATURE:1cxx_extern_templates
    Feature record: CXX_FEATURE:1cxx_final
    Feature record: CXX_FEATURE:1cxx_func_identifier
    Feature record: CXX_FEATURE:1cxx_generalized_initializers
    Feature record: CXX_FEATURE:1cxx_generic_lambdas
    Feature record: CXX_FEATURE:1cxx_inheriting_constructors
    Feature record: CXX_FEATURE:1cxx_inline_namespaces
    Feature record: CXX_FEATURE:1cxx_lambdas
    Feature record: CXX_FEATURE:1cxx_lambda_init_captures
    Feature record: CXX_FEATURE:1cxx_local_type_template_args
    Feature record: CXX_FEATURE:1cxx_long_long_type
    Feature record: CXX_FEATURE:1cxx_noexcept
    Feature record: CXX_FEATURE:1cxx_nonstatic_member_init
    Feature record: CXX_FEATURE:1cxx_nullptr
    Feature record: CXX_FEATURE:1cxx_override
    Feature record: CXX_FEATURE:1cxx_range_for
    Feature record: CXX_FEATURE:1cxx_raw_string_literals
    Feature record: CXX_FEATURE:1cxx_reference_qualified_functions
    Feature record: CXX_FEATURE:1cxx_relaxed_constexpr
    Feature record: CXX_FEATURE:1cxx_return_type_deduction
    Feature record: CXX_FEATURE:1cxx_right_angle_brackets
    Feature record: CXX_FEATURE:1cxx_rvalue_references
    Feature record: CXX_FEATURE:1cxx_sizeof_member
    Feature record: CXX_FEATURE:1cxx_static_assert
    Feature record: CXX_FEATURE:1cxx_strong_enums
    Feature record: CXX_FEATURE:1cxx_template_template_parameters
    Feature record: CXX_FEATURE:1cxx_thread_local
    Feature record: CXX_FEATURE:1cxx_trailing_return_types
    Feature record: CXX_FEATURE:1cxx_unicode_literals
    Feature record: CXX_FEATURE:1cxx_uniform_initialization
    Feature record: CXX_FEATURE:1cxx_unrestricted_unions
    Feature record: CXX_FEATURE:1cxx_user_literals
    Feature record: CXX_FEATURE:1cxx_variable_templates
    Feature record: CXX_FEATURE:1cxx_variadic_macros
    Feature record: CXX_FEATURE:1cxx_variadic_templates


Detecting CXX [-std=c++11] compiler features compiled with the following output:
Change Dir: /tmp/tmp.bToz1EQzOz/cmake-build-debug/CMakeFiles/CMakeTmp

Run Build Command:"/usr/bin/gmake" "cmTC_2476c/fast"
/usr/bin/gmake -f CMakeFiles/cmTC_2476c.dir/build.make CMakeFiles/cmTC_2476c.dir/build
gmake[1]: Entering directory `/tmp/tmp.bToz1EQzOz/cmake-build-debug/CMakeFiles/CMakeTmp'
Building CXX object CMakeFiles/cmTC_2476c.dir/feature_tests.cxx.o
/data/gcc7/bin/g++     -std=c++11 -o CMakeFiles/cmTC_2476c.dir/feature_tests.cxx.o -c /tmp/tmp.bToz1EQzOz/cmake-build-debug/CMakeFiles/feature_tests.cxx
Linking CXX executable cmTC_2476c
/data/cmake3/bin/cmake -E cmake_link_script CMakeFiles/cmTC_2476c.dir/link.txt --verbose=1
/data/gcc7/bin/g++        CMakeFiles/cmTC_2476c.dir/feature_tests.cxx.o  -o cmTC_2476c -rdynamic 
gmake[1]: Leaving directory `/tmp/tmp.bToz1EQzOz/cmake-build-debug/CMakeFiles/CMakeTmp'


    Feature record: CXX_FEATURE:0cxx_aggregate_default_initializers
    Feature record: CXX_FEATURE:1cxx_alias_templates
    Feature record: CXX_FEATURE:1cxx_alignas
    Feature record: CXX_FEATURE:1cxx_alignof
    Feature record: CXX_FEATURE:1cxx_attributes
    Feature record: CXX_FEATURE:0cxx_attribute_deprecated
    Feature record: CXX_FEATURE:1cxx_auto_type
    Feature record: CXX_FEATURE:0cxx_binary_literals
    Feature record: CXX_FEATURE:1cxx_constexpr
    Feature record: CXX_FEATURE:0cxx_contextual_conversions
    Feature record: CXX_FEATURE:1cxx_decltype
    Feature record: CXX_FEATURE:0cxx_decltype_auto
    Feature record: CXX_FEATURE:1cxx_decltype_incomplete_return_types
    Feature record: CXX_FEATURE:1cxx_default_function_template_args
    Feature record: CXX_FEATURE:1cxx_defaulted_functions
    Feature record: CXX_FEATURE:1cxx_defaulted_move_initializers
    Feature record: CXX_FEATURE:1cxx_delegating_constructors
    Feature record: CXX_FEATURE:1cxx_deleted_functions
    Feature record: CXX_FEATURE:0cxx_digit_separators
    Feature record: CXX_FEATURE:1cxx_enum_forward_declarations
    Feature record: CXX_FEATURE:1cxx_explicit_conversions
    Feature record: CXX_FEATURE:1cxx_extended_friend_declarations
    Feature record: CXX_FEATURE:1cxx_extern_templates
    Feature record: CXX_FEATURE:1cxx_final
    Feature record: CXX_FEATURE:1cxx_func_identifier
    Feature record: CXX_FEATURE:1cxx_generalized_initializers
    Feature record: CXX_FEATURE:0cxx_generic_lambdas
    Feature record: CXX_FEATURE:1cxx_inheriting_constructors
    Feature record: CXX_FEATURE:1cxx_inline_namespaces
    Feature record: CXX_FEATURE:1cxx_lambdas
    Feature record: CXX_FEATURE:0cxx_lambda_init_captures
    Feature record: CXX_FEATURE:1cxx_local_type_template_args
    Feature record: CXX_FEATURE:1cxx_long_long_type
    Feature record: CXX_FEATURE:1cxx_noexcept
    Feature record: CXX_FEATURE:1cxx_nonstatic_member_init
    Feature record: CXX_FEATURE:1cxx_nullptr
    Feature record: CXX_FEATURE:1cxx_override
    Feature record: CXX_FEATURE:1cxx_range_for
    Feature record: CXX_FEATURE:1cxx_raw_string_literals
    Feature record: CXX_FEATURE:1cxx_reference_qualified_functions
    Feature record: CXX_FEATURE:0cxx_relaxed_constexpr
    Feature record: CXX_FEATURE:0cxx_return_type_deduction
    Feature record: CXX_FEATURE:1cxx_right_angle_brackets
    Feature record: CXX_FEATURE:1cxx_rvalue_references
    Feature record: CXX_FEATURE:1cxx_sizeof_member
    Feature record: CXX_FEATURE:1cxx_static_assert
    Feature record: CXX_FEATURE:1cxx_strong_enums
    Feature record: CXX_FEATURE:1cxx_template_template_parameters
    Feature record: CXX_FEATURE:1cxx_thread_local
    Feature record: CXX_FEATURE:1cxx_trailing_return_types
    Feature record: CXX_FEATURE:1cxx_unicode_literals
    Feature record: CXX_FEATURE:1cxx_uniform_initialization
    Feature record: CXX_FEATURE:1cxx_unrestricted_unions
    Feature record: CXX_FEATURE:1cxx_user_literals
    Feature record: CXX_FEATURE:0cxx_variable_templates
    Feature record: CXX_FEATURE:1cxx_variadic_macros
    Feature record: CXX_FEATURE:1cxx_variadic_templates


Detecting CXX [-std=c++98] compiler features compiled with the following output:
Change Dir: /tmp/tmp.bToz1EQzOz/cmake-build-debug/CMakeFiles/CMakeTmp

Run Build Command:"/usr/bin/gmake" "cmTC_1c80c/fast"
/usr/bin/gmake -f CMakeFiles/cmTC_1c80c.dir/build.make CMakeFiles/cmTC_1c80c.dir/build
gmake[1]: Entering directory `/tmp/tmp.bToz1EQzOz/cmake-build-debug/CMakeFiles/CMakeTmp'
Building CXX object CMakeFiles/cmTC_1c80c.dir/feature_tests.cxx.o
/data/gcc7/bin/g++     -std=c++98 -o CMakeFiles/cmTC_1c80c.dir/feature_tests.cxx.o -c /tmp/tmp.bToz1EQzOz/cmake-build-debug/CMakeFiles/feature_tests.cxx
Linking CXX executable cmTC_1c80c
/data/cmake3/bin/cmake -E cmake_link_script CMakeFiles/cmTC_1c80c.dir/link.txt --verbose=1
/data/gcc7/bin/g++        CMakeFiles/cmTC_1c80c.dir/feature_tests.cxx.o  -o cmTC_1c80c -rdynamic 
gmake[1]: Leaving directory `/tmp/tmp.bToz1EQzOz/cmake-build-debug/CMakeFiles/CMakeTmp'


    Feature record: CXX_FEATURE:0cxx_aggregate_default_initializers
    Feature record: CXX_FEATURE:0cxx_alias_templates
    Feature record: CXX_FEATURE:0cxx_alignas
    Feature record: CXX_FEATURE:0cxx_alignof
    Feature record: CXX_FEATURE:0cxx_attributes
    Feature record: CXX_FEATURE:0cxx_attribute_deprecated
    Feature record: CXX_FEATURE:0cxx_auto_type
    Feature record: CXX_FEATURE:0cxx_binary_literals
    Feature record: CXX_FEATURE:0cxx_constexpr
    Feature record: CXX_FEATURE:0cxx_contextual_conversions
    Feature record: CXX_FEATURE:0cxx_decltype
    Feature record: CXX_FEATURE:0cxx_decltype_auto
    Feature record: CXX_FEATURE:0cxx_decltype_incomplete_return_types
    Feature record: CXX_FEATURE:0cxx_default_function_template_args
    Feature record: CXX_FEATURE:0cxx_defaulted_functions
    Feature record: CXX_FEATURE:0cxx_defaulted_move_initializers
    Feature record: CXX_FEATURE:0cxx_delegating_constructors
    Feature record: CXX_FEATURE:0cxx_deleted_functions
    Feature record: CXX_FEATURE:0cxx_digit_separators
    Feature record: CXX_FEATURE:0cxx_enum_forward_declarations
    Feature record: CXX_FEATURE:0cxx_explicit_conversions
    Feature record: CXX_FEATURE:0cxx_extended_friend_declarations
    Feature record: CXX_FEATURE:0cxx_extern_templates
    Feature record: CXX_FEATURE:0cxx_final
    Feature record: CXX_FEATURE:0cxx_func_identifier
    Feature record: CXX_FEATURE:0cxx_generalized_initializers
    Feature record: CXX_FEATURE:0cxx_generic_lambdas
    Feature record: CXX_FEATURE:0cxx_inheriting_constructors
    Feature record: CXX_FEATURE:0cxx_inline_namespaces
    Feature record: CXX_FEATURE:0cxx_lambdas
    Feature record: CXX_FEATURE:0cxx_lambda_init_captures
    Feature record: CXX_FEATURE:0cxx_local_type_template_args
    Feature record: CXX_FEATURE:0cxx_long_long_type
    Feature record: CXX_FEATURE:0cxx_noexcept
    Feature record: CXX_FEATURE:0cxx_nonstatic_member_init
    Feature record: CXX_FEATURE:0cxx_nullptr
    Feature record: CXX_FEATURE:0cxx_override
    Feature record: CXX_FEATURE:0cxx_range_for
    Feature record: CXX_FEATURE:0cxx_raw_string_literals
    Feature record: CXX_FEATURE:0cxx_reference_qualified_functions
    Feature record: CXX_FEATURE:0cxx_relaxed_constexpr
    Feature record: CXX_FEATURE:0cxx_return_type_deduction
    Feature record: CXX_FEATURE:0cxx_right_angle_brackets
    Feature record: CXX_FEATURE:0cxx_rvalue_references
    Feature record: CXX_FEATURE:0cxx_sizeof_member
    Feature record: CXX_FEATURE:0cxx_static_assert
    Feature record: CXX_FEATURE:0cxx_strong_enums
    Feature record: CXX_FEATURE:1cxx_template_template_parameters
    Feature record: CXX_FEATURE:0cxx_thread_local
    Feature record: CXX_FEATURE:0cxx_trailing_return_types
    Feature record: CXX_FEATURE:0cxx_unicode_literals
    Feature record: CXX_FEATURE:0cxx_uniform_initialization
    Feature record: CXX_FEATURE:0cxx_unrestricted_unions
    Feature record: CXX_FEATURE:0cxx_user_literals
    Feature record: CXX_FEATURE:0cxx_variable_templates
    Feature record: CXX_FEATURE:0cxx_variadic_macros
    Feature record: CXX_FEATURE:0cxx_variadic_templates
